<?xml version="1.0" encoding="UTF-8"?>
<!-- Generated by org.testng.reporters.JUnitXMLReporter -->
<testsuite ignored="0" hostname="Sanaa-PC-Elitebook" failures="1" tests="3" name="Default test" time="62.556" errors="0" timestamp="2022-01-18T00:11:01 GST">
  <testcase classname="io.cucumber.testng.AbstractTestNGCucumberTests" name="runScenario" time="21.179"/>
  <testcase classname="io.cucumber.testng.AbstractTestNGCucumberTests" name="runScenario" time="19.933"/>
  <testcase classname="io.cucumber.testng.AbstractTestNGCucumberTests" name="runScenario" time="20.485">
    <failure type="java.lang.AssertionError" message="expected [madras] but found [Chennai]">
      <![CDATA[java.lang.AssertionError: expected [madras] but found [Chennai]
at org.testng.Assert.fail(Assert.java:99)
at org.testng.Assert.failNotEquals(Assert.java:1037)
at org.testng.Assert.assertEqualsImpl(Assert.java:140)
at org.testng.Assert.assertEquals(Assert.java:122)
at org.testng.Assert.assertEquals(Assert.java:629)
at org.testng.Assert.assertEquals(Assert.java:639)
at com.Simplilearn.CucumberStepsSwiggyMainPageCityCheck.Check_CityinmainPage(CucumberStepsSwiggyMainPageCityCheck.java:60)
at ✽.user Main Page city is "madras"(file:///C:/Users/USER/eclipse-workspace/ProjectSwiggyPh2/src/test/resources/Features/MainPageSwiggyCityCheck.feature:8)
]]>
    </failure>
  </testcase> <!-- runScenario -->
</testsuite> <!-- Default test -->
