<?xml version="1.0" encoding="UTF-8"?>
<!-- Generated by org.testng.reporters.JUnitXMLReporter -->
<testsuite ignored="0" hostname="Sanaa-PC-Elitebook" failures="1" tests="3" name="TestFilter" time="22.683" errors="0" timestamp="2022-01-18T00:17:28 GST">
  <testcase classname="com.Simplilearn.Testng.TestngFilterTest" name="CityMainPage" time="18.182"/>
  <testcase classname="com.Simplilearn.Testng.TestngFilterTest" name="FilterTest" time="1.134"/>
  <testcase classname="com.Simplilearn.Testng.TestngFilterTest" name="Search" time="0.0">
    <failure type="org.testng.TestNGException" message="
Parameter &amp;apos;FoodItem&amp;apos; is required by @Test on method Search but has not been marked @Optional or defined
in C:\Users\USER\eclipse-workspace\ProjectSwiggyPh2\testng.xml">
      <![CDATA[org.testng.TestNGException: 
Parameter 'FoodItem' is required by @Test on method Search but has not been marked @Optional or defined
in C:\Users\USER\eclipse-workspace\ProjectSwiggyPh2\testng.xml
at java.base/java.util.ArrayList.forEach(ArrayList.java:1511)
... Removed 26 stack frames]]>
    </failure>
  </testcase> <!-- Search -->
</testsuite> <!-- TestFilter -->
