<?xml version="1.0" encoding="UTF-8"?>
<!-- Generated by org.testng.reporters.JUnitXMLReporter -->
<testsuite ignored="0" hostname="Sanaa-PC-Elitebook" failures="2" tests="2" name="TestListener" time="3.256" errors="0" timestamp="2022-01-17T13:52:17 GST">
  <testcase classname="com.Simplilearn.Testng.TestngFilterTest" name="CityMainPage" time="0.016">
    <failure type="java.lang.NullPointerException" message="Cannot invoke &amp;quot;com.relevantcodes.extentreports.ExtentReports.startTest(String)&amp;quot; because &amp;quot;com.Simplilearn.Reports.SwiggyExtentReports.report&amp;quot; is null">
      <![CDATA[java.lang.NullPointerException: Cannot invoke "com.relevantcodes.extentreports.ExtentReports.startTest(String)" because "com.Simplilearn.Reports.SwiggyExtentReports.report" is null
at com.Simplilearn.Reports.SwiggyExtentReports.startTest(SwiggyExtentReports.java:23)
at com.Simplilearn.Listener.ListenerExtentReportSwiggy.onTestStart(ListenerExtentReportSwiggy.java:16)
at java.base/java.util.ArrayList.forEach(ArrayList.java:1511)
... Removed 24 stack frames]]>
    </failure>
  </testcase> <!-- CityMainPage -->
  <testcase classname="com.Simplilearn.Testng.TestngFilterTest" name="CityMainPage" time="0.042">
    <failure type="java.lang.NullPointerException" message="Cannot invoke &amp;quot;com.relevantcodes.extentreports.ExtentTest.log(com.relevantcodes.extentreports.LogStatus, String)&amp;quot; because &amp;quot;com.Simplilearn.Reports.SwiggyExtentReports.test&amp;quot; is null">
      <![CDATA[java.lang.NullPointerException: Cannot invoke "com.relevantcodes.extentreports.ExtentTest.log(com.relevantcodes.extentreports.LogStatus, String)" because "com.Simplilearn.Reports.SwiggyExtentReports.test" is null
at com.Simplilearn.Reports.SwiggyExtentReports.logFailures(SwiggyExtentReports.java:33)
at com.Simplilearn.Listener.ListenerExtentReportSwiggy.onTestFailure(ListenerExtentReportSwiggy.java:36)
at java.base/java.util.ArrayList.forEach(ArrayList.java:1511)
... Removed 24 stack frames]]>
    </failure>
  </testcase> <!-- CityMainPage -->
</testsuite> <!-- TestListener -->
