<?xml version="1.0" encoding="UTF-8"?>
<!-- Generated by org.testng.reporters.JUnitXMLReporter -->
<testsuite ignored="0" hostname="Sanaa-PC-Elitebook" failures="0" tests="3" name="TestParameters" time="42.858" errors="0" timestamp="2022-01-18T00:20:10 GST">
  <testcase classname="com.Simplilearn.Testng.TestngFilterTest" name="CityMainPage" time="18.149"/>
  <testcase classname="com.Simplilearn.Testng.TestngFilterTest" name="FilterTest" time="1.054"/>
  <testcase classname="com.Simplilearn.Testng.TestngFilterTest" name="Search" time="20.349"/>
</testsuite> <!-- TestParameters -->
