<?xml version="1.0" encoding="UTF-8"?>
<!-- Generated by org.testng.reporters.JUnitXMLReporter -->
<testsuite ignored="0" hostname="Sanaa-PC-Elitebook" failures="2" tests="7" name="Command line test" time="99.645" errors="0" timestamp="2022-01-16T13:57:47 GST">
  <testcase classname="io.cucumber.testng.AbstractTestNGCucumberTests" name="runScenario" time="19.496"/>
  <testcase classname="io.cucumber.testng.AbstractTestNGCucumberTests" name="runScenario" time="18.926"/>
  <testcase classname="io.cucumber.testng.AbstractTestNGCucumberTests" name="runScenario" time="19.94"/>
  <testcase classname="io.cucumber.testng.AbstractTestNGCucumberTests" name="runScenario" time="18.991">
    <failure type="java.lang.AssertionError" message="expected [madras] but found [Chennai]">
      <![CDATA[java.lang.AssertionError: expected [madras] but found [Chennai]
at com.Simplilearn.CucumberStepsSwiggyMainPageCityCheck.Check_CityinmainPage(CucumberStepsSwiggyMainPageCityCheck.java:59)
at ✽.user Main Page city is "madras"(file:///C:/Users/USER/eclipse-workspace/ProjectSwiggyPh2/src/test/resources/Features/MainPageSwiggyCityCheck.feature:8)
... Removed 6 stack frames]]>
    </failure>
  </testcase> <!-- runScenario -->
  <testcase classname="com.Simplilearn.Testng.TestngFilterTest" name="CityMainPage" time="18.429"/>
  <testcase classname="com.Simplilearn.Testng.TestngFilterTest" name="FilterTest" time="0.964"/>
  <testcase classname="com.Simplilearn.Testng.TestngFilterTest" name="Search" time="0.0">
    <failure type="org.testng.TestNGException" message="
Parameter &amp;apos;FoodItem&amp;apos; is required by @Test on method Search but has not been marked @Optional or defined
">
      <![CDATA[org.testng.TestNGException: 
Parameter 'FoodItem' is required by @Test on method Search but has not been marked @Optional or defined

at java.base/java.util.ArrayList.forEach(ArrayList.java:1511)
... Removed 36 stack frames]]>
    </failure>
  </testcase> <!-- Search -->
</testsuite> <!-- Command line test -->
