<?xml version="1.0" encoding="UTF-8"?>
<!-- Generated by org.testng.reporters.JUnitReportReporter -->
<testsuite hostname="Sanaa-PC-Elitebook" failures="1" tests="3" name="com.Simplilearn.Runner.TestRunner2" time="61.597" errors="0" timestamp="2022-01-18T00:11:01 GST" skipped="0">
  <testcase classname="com.Simplilearn.Runner.TestRunner2" name="runScenario" time="21.179"/>
  <system-out/>
  <testcase classname="com.Simplilearn.Runner.TestRunner2" name="runScenario" time="20.485">
    <failure message="expected [madras] but found [Chennai]" type="java.lang.AssertionError">
      <![CDATA[java.lang.AssertionError: expected [madras] but found [Chennai]
at org.testng.Assert.fail(Assert.java:99)
at org.testng.Assert.failNotEquals(Assert.java:1037)
at org.testng.Assert.assertEqualsImpl(Assert.java:140)
at org.testng.Assert.assertEquals(Assert.java:122)
at org.testng.Assert.assertEquals(Assert.java:629)
at org.testng.Assert.assertEquals(Assert.java:639)
at com.Simplilearn.CucumberStepsSwiggyMainPageCityCheck.Check_CityinmainPage(CucumberStepsSwiggyMainPageCityCheck.java:60)
at ✽.user Main Page city is "madras"(file:///C:/Users/USER/eclipse-workspace/ProjectSwiggyPh2/src/test/resources/Features/MainPageSwiggyCityCheck.feature:8)
]]>
    </failure>
  </testcase> <!-- runScenario -->
  <system-out/>
  <testcase classname="com.Simplilearn.Runner.TestRunner2" name="runScenario" time="19.933"/>
  <system-out/>
</testsuite> <!-- com.Simplilearn.Runner.TestRunner2 -->
